26-03-20 21:12:43.327 : Model path: model_zoo\ffdnet_color.pth
26-03-20 21:12:43.328 : model_name:ffdnet_color, model sigma:25, image sigma:25
26-03-20 21:12:43.328 : testsets\Set14
26-03-20 21:12:43.877 : baboon.bmp - PSNR: 25.36 dB; SSIM: 0.7486.
26-03-20 21:12:44.514 : barbara.bmp - PSNR: 31.40 dB; SSIM: 0.8978.
26-03-20 21:12:44.955 : bridge.bmp - PSNR: 29.17 dB; SSIM: 0.8638.
26-03-20 21:12:45.121 : coastguard.bmp - PSNR: 30.97 dB; SSIM: 0.8593.
26-03-20 21:12:45.280 : comic.bmp - PSNR: 29.17 dB; SSIM: 0.9197.
26-03-20 21:12:45.418 : face.bmp - PSNR: 30.25 dB; SSIM: 0.7394.
26-03-20 21:12:45.700 : flowers.bmp - PSNR: 30.21 dB; SSIM: 0.8703.
26-03-20 21:12:45.859 : foreman.bmp - PSNR: 33.87 dB; SSIM: 0.9158.
26-03-20 21:12:46.289 : lenna.bmp - PSNR: 31.92 dB; SSIM: 0.8101.
26-03-20 21:12:46.678 : man.bmp - PSNR: 30.80 dB; SSIM: 0.8527.
26-03-20 21:12:47.295 : monarch.bmp - PSNR: 33.97 dB; SSIM: 0.9407.
26-03-20 21:12:47.698 : pepper.bmp - PSNR: 30.97 dB; SSIM: 0.7852.
26-03-20 21:12:48.230 : ppt3.bmp - PSNR: 35.36 dB; SSIM: 0.9789.
26-03-20 21:12:48.567 : zebra.bmp - PSNR: 30.35 dB; SSIM: 0.8694.
26-03-20 21:12:48.571 : Average PSNR/SSIM(RGB) - Set14_ffdnet_color - PSNR: 30.98 dB; SSIM: 0.8608
26-03-20 21:21:52.371 : Model path: model_zoo\ffdnet_color.pth
26-03-20 21:21:52.372 : model_name:ffdnet_color, model sigma:15, image sigma:15
26-03-20 21:21:52.372 : testsets\Set14
26-03-20 21:21:52.713 : baboon.bmp - PSNR: 27.17 dB; SSIM: 0.8207.
26-03-20 21:21:53.270 : barbara.bmp - PSNR: 33.59 dB; SSIM: 0.9246.
26-03-20 21:21:53.659 : bridge.bmp - PSNR: 32.11 dB; SSIM: 0.9262.
26-03-20 21:21:53.815 : coastguard.bmp - PSNR: 33.67 dB; SSIM: 0.9211.
26-03-20 21:21:53.983 : comic.bmp - PSNR: 32.06 dB; SSIM: 0.9546.
26-03-20 21:21:54.109 : face.bmp - PSNR: 31.65 dB; SSIM: 0.8106.
26-03-20 21:21:54.379 : flowers.bmp - PSNR: 32.56 dB; SSIM: 0.9101.
26-03-20 21:21:54.530 : foreman.bmp - PSNR: 35.91 dB; SSIM: 0.9378.
26-03-20 21:21:54.931 : lenna.bmp - PSNR: 33.25 dB; SSIM: 0.8360.
26-03-20 21:21:55.378 : man.bmp - PSNR: 33.42 dB; SSIM: 0.9061.
26-03-20 21:21:56.059 : monarch.bmp - PSNR: 36.47 dB; SSIM: 0.9556.
26-03-20 21:21:56.463 : pepper.bmp - PSNR: 32.09 dB; SSIM: 0.8077.
26-03-20 21:21:57.121 : ppt3.bmp - PSNR: 37.74 dB; SSIM: 0.9841.
26-03-20 21:21:57.472 : zebra.bmp - PSNR: 32.88 dB; SSIM: 0.9225.
26-03-20 21:21:57.474 : Average PSNR/SSIM(RGB) - Set14_ffdnet_color - PSNR: 33.18 dB; SSIM: 0.9013
26-03-20 21:22:44.711 : Model path: model_zoo\ffdnet_color.pth
26-03-20 21:22:44.712 : model_name:ffdnet_color, model sigma:35, image sigma:35
26-03-20 21:22:44.712 : testsets\Set14
26-03-20 21:22:45.076 : baboon.bmp - PSNR: 24.22 dB; SSIM: 0.6936.
26-03-20 21:22:45.665 : barbara.bmp - PSNR: 29.84 dB; SSIM: 0.8716.
26-03-20 21:22:46.064 : bridge.bmp - PSNR: 27.47 dB; SSIM: 0.8059.
26-03-20 21:22:46.217 : coastguard.bmp - PSNR: 29.33 dB; SSIM: 0.8022.
26-03-20 21:22:46.366 : comic.bmp - PSNR: 27.30 dB; SSIM: 0.8846.
26-03-20 21:22:46.492 : face.bmp - PSNR: 29.47 dB; SSIM: 0.7009.
26-03-20 21:22:46.801 : flowers.bmp - PSNR: 28.66 dB; SSIM: 0.8352.
26-03-20 21:22:46.956 : foreman.bmp - PSNR: 32.51 dB; SSIM: 0.8996.
26-03-20 21:22:47.349 : lenna.bmp - PSNR: 30.97 dB; SSIM: 0.7916.
26-03-20 21:22:47.772 : man.bmp - PSNR: 29.19 dB; SSIM: 0.8072.
26-03-20 21:22:48.377 : monarch.bmp - PSNR: 32.31 dB; SSIM: 0.9272.
26-03-20 21:22:48.775 : pepper.bmp - PSNR: 30.12 dB; SSIM: 0.7702.
26-03-20 21:22:49.351 : ppt3.bmp - PSNR: 33.59 dB; SSIM: 0.9730.
26-03-20 21:22:49.752 : zebra.bmp - PSNR: 28.83 dB; SSIM: 0.8240.
26-03-20 21:22:49.754 : Average PSNR/SSIM(RGB) - Set14_ffdnet_color - PSNR: 29.56 dB; SSIM: 0.8276
